[00:23:34] [Render thread/INFO] [JMLogger] JourneyMap log initialized.
[00:23:34] [Render thread/INFO] [JourneymapClient] initialize ENTER
[00:23:34] [Render thread/INFO] [ClientAPI] [ClientAPI] built with JourneyMap API 1.9-SNAPSHOT
[00:23:34] [Render thread/INFO] [PluginHelper] Initializing plugins with Client API: journeymap.client.api.impl.ClientAPI
[00:23:34] [Render thread/INFO] [PluginHelper] Initialized IClientPlugin: com.railwayteam.railways.compat.journeymap.RailwayMapPlugin
[00:23:34] [Render thread/WARN] [PropertiesBase] core (Initialized) Bad configField entry during updateFrom(): optionsManagerViewed=null
[00:23:35] [Render thread/INFO] [ThemeLoader] Preloaded theme textures: 73
[00:23:35] [Render thread/INFO] [?] Version: JourneyMap 1.20.1-5.10.3, built with fabric 0.92.2+1.20.1
fabric: 0.15.11
Environment: os.name, os.arch, java.version, user.country, user.language=null, game language=ru_ru, locale=ru_ru
Features: 
	RadarPlayers : singleplayer = true , multiplayer = true
	RadarAnimals : singleplayer = true , multiplayer = true
	RadarMobs : singleplayer = true , multiplayer = true
	RadarVillagers : singleplayer = true , multiplayer = true
	MapTopo : singleplayer = true , multiplayer = true
	MapSurface : singleplayer = true , multiplayer = true
	MapCaves : singleplayer = true , multiplayer = true
	MapBiome : singleplayer = true , multiplayer = true
MiniMapProperties{state=Valid, file=journeymap.minimap.config, configVersion=5.10.3, zoomLevel=0, compassFontScale=1.0, terrainAlpha=100, showEntityNames=true, positionX=0.9, positionY=0.25, effectVertical=false, showPlayerHeading=true, sizePercent=30, playerDisplayScale=1.0, showDayNight=true, showPets=true, preferredMapType=day, showCompass=true, mobDisplay=jm.common.entity_display.dots, systemTimeRealFormat=HH:mm:ss, shape=jm.minimap.shape_circle, showSelf=true, selfDisplayScale=1.0, showGrid=true, reticleOrientation=jm.minimap.orientation.compass, gameTimeRealFormat=HH:mm:ss, effectTranslateX=-291, showWaypoints=true, minimapKeyMovementSpeed=0.001, showAnimals=true, infoSlotAlpha=0.7, effectTranslateY=0, showWaypointLabels=true, moveEffectIcons=true, position=jm.minimap.position_topright, fontScale=1.0, showPlayers=true, waypointIconScale=1.0, frameAlpha=100, effectReversed=false, backgroundAlpha=0.8, enabled=true, showVillagers=true, info2Label=jm.theme.labelsource.gametime, info3Label=jm.theme.labelsource.location, showMobs=true, waypointLabelScale=1.0, showReticle=true, orientation=jm.minimap.orientation.north, info4Label=jm.theme.labelsource.biome, locationFormat=xzyv, playerDisplay=jm.common.entity_display.dots, mobDisplayScale=1.0, showCaves=true, showMobHeading=true, locationFormatVerbose=true, info1Label=jm.theme.labelsource.blank}
MiniMapProperties{state=Valid, file=journeymap.minimap2.config, configVersion=5.10.3, zoomLevel=0, compassFontScale=1.0, terrainAlpha=100, showEntityNames=true, positionX=0.9, positionY=0.25, effectVertical=false, showPlayerHeading=true, sizePercent=30, playerDisplayScale=1.0, showDayNight=true, showPets=true, preferredMapType=day, showCompass=true, mobDisplay=jm.common.entity_display.dots, systemTimeRealFormat=HH:mm:ss, shape=jm.minimap.shape_rectangle, showSelf=true, selfDisplayScale=1.0, showGrid=true, reticleOrientation=jm.minimap.orientation.compass, gameTimeRealFormat=HH:mm:ss, effectTranslateX=0, showWaypoints=true, minimapKeyMovementSpeed=0.001, showAnimals=true, infoSlotAlpha=0.7, effectTranslateY=0, showWaypointLabels=true, moveEffectIcons=true, position=jm.minimap.position_topright, fontScale=1.0, showPlayers=true, waypointIconScale=1.0, frameAlpha=100, effectReversed=false, backgroundAlpha=0.8, enabled=true, showVillagers=true, info2Label=jm.theme.labelsource.gametime, info3Label=jm.theme.labelsource.location, showMobs=true, waypointLabelScale=1.0, showReticle=true, orientation=jm.minimap.orientation.north, info4Label=jm.theme.labelsource.biome, locationFormat=xzyv, playerDisplay=jm.common.entity_display.dots, mobDisplayScale=1.0, showCaves=true, showMobHeading=true, locationFormatVerbose=true, info1Label=jm.theme.labelsource.blank}
FullMapProperties{state=Valid, file=journeymap.fullmap.config, configVersion=5.10.3, zoomLevel=0, showPlayers=true, waypointIconScale=1.0, showEntityNames=true, showPlayerHeading=true, showVillagers=true, showPlayerLoc=true, showKeys=true, playerDisplayScale=1.0, showMobs=true, showPets=true, waypointLabelScale=1.0, preferredMapType=day, mobDisplay=jm.common.entity_display.dots, showSelf=true, locationFormat=xzyv, playerDisplay=jm.common.entity_display.dots, mobDisplayScale=1.0, selfDisplayScale=1.0, showGrid=true, showMouseLoc=true, showWaypoints=true, showCaves=true, showAnimals=true, showMobHeading=true, showWaypointLabels=true, locationFormatVerbose=true, fontScale=1.0}
WaypointProperties{state=Valid, file=journeymap.waypoint.config, configVersion=5.10.3, autoRemoveDeathpointDistance=2, dateFormat=MM-dd-yyyy, autoRemoveDeathpoints=false, fullscreenDoubleClickToCreate=true, managerDimensionFocus=false, minDistance=4, boldLabel=false, textureSmall=true, showDeathpointlabel=true, beaconEnabled=true, createDeathpoints=true, showName=true, disableStrikeThrough=false, maxDistance=0, autoHideLabel=true, autoRemoveTempWaypoints=2, teleportCommand=/tp {name} {x} {y} {z}, showStaticBeam=true, shaderBeacon=false, timeFormat=HH:mm:ss, showDeviationLabel=false, showDistance=true, showRotatingBeam=true, fontScale=2.0, showTexture=true, managerEnabled=true}
WebMapProperties{state=Valid, file=journeymap.webmap.config, configVersion=5.10.3, port=8080, enabled=false}
CoreProperties{state=Valid, file=journeymap.core.config, configVersion=5.10.3, verboseColorPalette=false, maxPlayersData=32, mapSurfaceAboveCaves=true, dataCachingEnabled=true, optionsManagerViewed=null, announceMod=true, colorPassive=#bbbbbb, mapBlendWater=false, renderDistanceSurfaceMax=0, seedId=false, radarVerticalDistance=16, mapBlendGrass=true, recordCacheStats=false, hideSneakingEntities=true, revealShape=jm.minimap.shape_circle, mapBiome=true, alwaysMapSurface=false, colorVillager=#88e188, mapPlants=false, colorPet=#0077ff, radarLateralDistance=64, mapBathymetry=false, mapCrops=true, maxMobsData=32, mapPlantShadows=false, alwaysMapCaves=false, checkUpdates=true, mapBlendFoliage=true, hideSpectators=false, mappingEnabled=true, colorPlayer=#ffffff, tileHighDisplayQuality=true, cacheVillagersData=2200, logLevel=INFO, maxVillagersData=32, mapWaterBiomeColors=false, maxAnimalsData=32, mapTransparency=true, caveBlackAsClear=false, tileRenderType=1, caveIgnoreGlass=true, mapTopography=true, renderDistanceCaveMax=0, mapAntialiasing=true, colorSelf=#0000ff, cachePlayersData=2000, cacheMobsData=3000, cachePlayerData=1000, splashViewed=5.10.3, colorHostile=#ff0000, cacheAnimalsData=3100, themeName=OceanMonument, mapCaveLighting=true, renderDelay=2, glErrorChecking=false, autoMapPoll=2000}
[00:23:35] [Render thread/INFO] [JourneymapClient] initialize EXIT, elapsed count 1 avg 1521,94ms
[00:23:35] [Render thread/INFO] [JourneymapClient] postInitialize EXIT, elapsed count 1 avg 4,88ms
[00:23:49] [Render thread/WARN] [ColorPalette] Existing color palette's resource packs no longer match current loadout.
[00:23:49] [Render thread/INFO] [ColorPalette] WAS: Create Legacy Copper, Default Connected Textures, Fabric Mods, Glass Pane Culling Fix, Steam 'n' Rails Green Signals, Steam 'n' Rails Legacy Palettes Textures, Steam 'n' Rails Legacy Semaphores, Классический, Контрастный, Стандартный
NOW: Better-Leaves-8.1-1.20+.zip, Create Legacy Copper, Default Connected Textures, Emissive_TXF_optifine_1.20.zip, Fabric Mods, Faithful 32x - 1.20.1.zip, FreshAnimations_v1.9.2.zip, Glass Pane Culling Fix, Steam 'n' Rails Green Signals, Steam 'n' Rails Legacy Palettes Textures, Steam 'n' Rails Legacy Semaphores, betterhotbarplus+0.1.9+default.zip, dynamiclights-v1.8.3-mc1.17x-1.21x-datapack.zip, Классический, Контрастный, Стандартный
[00:23:49] [Render thread/INFO] [ModBlockDelegate] Custom modded block handling enabled for create
[00:23:49] [Render thread/INFO] [ModBlockDelegate] Custom modded block handling enabled for biomesoplenty
[00:23:50] [Render thread/INFO] [ColorPalette] Color palette file generated for 0 blockstates in 5ms for: C:\Users\alexp\AppData\Roaming\.minecraft\versions\CodeForceLand2\journeymap\colorpalette.json
[00:23:50] [Render thread/INFO] [ColorManager] Updated color palette for 903 blockstates in 548ms: C:\Users\alexp\AppData\Roaming\.minecraft\versions\CodeForceLand2\journeymap\colorpalette.json
[00:25:34] [Render thread/INFO] [JourneymapClient] World UID is set to: 9e69ef25-0d2e-4beb-af30-94abb50ba6ef
[00:25:37] [Render thread/WARN] [JMLogger] Can't get entityTexture for naturalist:textures/entity_icon/snail/brown.png
[00:25:37] [Render thread/WARN] [JMLogger] Can't get entityTexture for naturalist:textures/entity_icon/firefly/firefly.png
[00:25:37] [Render thread/WARN] [JMLogger] Can't get entityTexture for creeperoverhaul:textures/entity_icon/beach/beach_creeper.png
[00:25:38] [Render thread/WARN] [PropertiesBase] core (Initialized) Bad configField entry during updateFrom(): optionsManagerViewed=null
[00:25:38] [Render thread/INFO] [WaypointStore] Loaded 0 waypoints from C:\Users\alexp\AppData\Roaming\.minecraft\versions\CodeForceLand2\journeymap\data\mp\~Minecraft_9e69ef25~0d2e~4beb~af30~94abb50ba6ef\waypoints
[00:25:38] [Render thread/INFO] [JourneymapClient] Mapping started in C:\Users\alexp\AppData\Roaming\.minecraft\versions\CodeForceLand2\journeymap\data\mp\~Minecraft_9e69ef25~0d2e~4beb~af30~94abb50ba6ef\overworld. Memory: 5600MB total, 2841MB free 
[00:25:38] [Render thread/INFO] [ChatLog] JourneyMap: Нажмите [J].
[00:25:54] [Render thread/WARN] [JMLogger] Can't get entityTexture for creeperoverhaul:textures/entity_icon/plains/plains_creeper.png
[00:35:05] [Render thread/WARN] [JMLogger] Can't get entityTexture for naturalist:textures/entity_icon/bass.png
[00:38:36] [Render thread/WARN] [JMLogger] Can't get entityTexture for naturalist:textures/entity_icon/bass.png
[00:38:36] [Render thread/WARN] [JMLogger] Can't get entityTexture for creeperoverhaul:textures/entity_icon/plains/plains_creeper.png
[00:38:43] [Render thread/WARN] [JMLogger] Can't get entityTexture for naturalist:textures/entity_icon/snail/brown.png
[00:41:41] [Render thread/WARN] [JMLogger] Can't get entityTexture for naturalist:textures/entity_icon/firefly/firefly.png
[00:42:55] [Render thread/WARN] [JMLogger] Can't get entityTexture for creeperoverhaul:textures/entity_icon/beach/beach_creeper.png
[00:46:10] [Render thread/INFO] [DeathPointHandler] 1488Za1upkin228 died at class_2338{x=420, y=53, z=203}. Deathpoints enabled: true. Deathpoint created: true
[00:50:07] [Render thread/WARN] [JMLogger] Can't get entityTexture for creeperoverhaul:textures/entity_icon/plains/plains_creeper.png
[00:50:16] [Render thread/WARN] [JMLogger] Can't get entityTexture for naturalist:textures/entity_icon/snail/brown.png
[00:50:16] [Render thread/WARN] [JMLogger] Can't get entityTexture for naturalist:textures/entity_icon/bass.png
[00:57:11] [Render thread/WARN] [JMLogger] Can't get entityTexture for naturalist:textures/entity_icon/butterfly/swallowtail.png
[00:59:19] [Render thread/WARN] [JMLogger] Can't get entityTexture for creeperoverhaul:textures/entity_icon/plains/plains_creeper.png
[00:59:22] [Render thread/WARN] [JMLogger] Can't get entityTexture for naturalist:textures/entity_icon/snail/brown.png
[00:59:22] [Render thread/WARN] [JMLogger] Can't get entityTexture for naturalist:textures/entity_icon/bass.png
[00:59:22] [Render thread/WARN] [JMLogger] Can't get entityTexture for naturalist:textures/entity_icon/butterfly/swallowtail.png
[01:00:46] [Render thread/INFO] [JourneymapClient] Mapping halted in C:\Users\alexp\AppData\Roaming\.minecraft\versions\CodeForceLand2\journeymap\data\mp\~Minecraft_9e69ef25~0d2e~4beb~af30~94abb50ba6ef\minecraft:overworld
[01:00:46] [Render thread/INFO] [MappingMonitorTask] World ID has been reset.
[01:00:46] [Render thread/INFO] [JourneymapClient] World UID is set to: null
